[2020-07-01 10:59:14.014] [INFO ] [TomcatWebServer] Tomcat initialized with port(s): 8080 (http)
[2020-07-01 10:59:14.014] [INFO ] [DirectJDKLog] Starting service [Tomcat]
[2020-07-01 10:59:14.014] [INFO ] [DirectJDKLog] Starting Servlet engine: [Apache Tomcat/9.0.36]
[2020-07-01 10:59:14.014] [INFO ] [DirectJDKLog] Initializing Spring embedded WebApplicationContext
[2020-07-01 10:59:14.014] [INFO ] [ServletWebServerApplicationContext] Root WebApplicationContext: initialization completed in 1356 ms
[2020-07-01 10:59:14.014] [INFO ] [ExecutorConfigurationSupport] Initializing ExecutorService 'applicationTaskExecutor'
[2020-07-01 10:59:15.015] [INFO ] [TomcatWebServer] Tomcat started on port(s): 8080 (http) with context path ''
[2020-07-01 10:59:15.015] [INFO ] [UserInputPromptUtil] 
Do you want to Continue? Y/N
[2020-07-01 10:59:22.022] [INFO ] [UserInputPromptUtil] 
Continuing the application
[2020-07-01 10:59:22.022] [INFO ] [UserInputPromptUtil] 
Select any one from below options:
1. Retrieve Country details by Name
2. Retrieve Country details by Code

[2020-07-01 10:59:31.031] [INFO ] [UserInputPromptUtil] 
Enter full or partial name of the Country
[2020-07-01 10:59:35.035] [INFO ] [UserInputPromptUtil] StatusCode -> 200
[2020-07-01 10:59:35.035] [INFO ] [UserInputPromptUtil] [{"name":"British Indian Ocean Territory","topLevelDomain":[".io"],"alpha2Code":"IO","alpha3Code":"IOT","callingCodes":["246"],"capital":"Diego Garcia","altSpellings":["IO"],"region":"Africa","subregion":"Eastern Africa","population":3000,"latlng":[-6.0,71.5],"demonym":"Indian","area":60.0,"gini":null,"timezones":["UTC+06:00"],"borders":[],"nativeName":"British Indian Ocean Territory","numericCode":"086","currencies":[{"code":"USD","name":"United States dollar","symbol":"$"}],"languages":[{"iso639_1":"en","iso639_2":"eng","name":"English","nativeName":"English"}],"translations":{"de":"Britisches Territorium im Indischen Ozean","es":"Territorio Británico del Océano Índico","fr":"Territoire britannique de l'océan Indien","ja":"???????????","it":"Territorio britannico dell'oceano indiano","br":"Território Britânico do Oceano íÍdico","pt":"Território Britânico do Oceano Índico","nl":"Britse Gebieden in de Indische Oceaan","hr":"Britanski Indijskooceanski teritorij","fa":"????? ???????? ?? ??????? ???"},"flag":"https://restcountries.eu/data/iot.svg","regionalBlocs":[{"acronym":"AU","name":"African Union","otherAcronyms":[],"otherNames":["??????? ????????","Union africaine","União Africana","Unión Africana","Umoja wa Afrika"]}],"cioc":""},{"name":"India","topLevelDomain":[".in"],"alpha2Code":"IN","alpha3Code":"IND","callingCodes":["91"],"capital":"New Delhi","altSpellings":["IN","Bh?rat","Republic of India","Bharat Ganrajya"],"region":"Asia","subregion":"Southern Asia","population":1295210000,"latlng":[20.0,77.0],"demonym":"Indian","area":3287590.0,"gini":33.4,"timezones":["UTC+05:30"],"borders":["AFG","BGD","BTN","MMR","CHN","NPL","PAK","LKA"],"nativeName":"????","numericCode":"356","currencies":[{"code":"INR","name":"Indian rupee","symbol":"?"}],"languages":[{"iso639_1":"hi","iso639_2":"hin","name":"Hindi","nativeName":"??????"},{"iso639_1":"en","iso639_2":"eng","name":"English","nativeName":"English"}],"translations":{"de":"Indien","es":"India","fr":"Inde","ja":"???","it":"India","br":"Índia","pt":"Índia","nl":"India","hr":"Indija","fa":"???"},"flag":"https://restcountries.eu/data/ind.svg","regionalBlocs":[{"acronym":"SAARC","name":"South Asian Association for Regional Cooperation","otherAcronyms":[],"otherNames":[]}],"cioc":"IND"},{"name":"Indonesia","topLevelDomain":[".id"],"alpha2Code":"ID","alpha3Code":"IDN","callingCodes":["62"],"capital":"Jakarta","altSpellings":["ID","Republic of Indonesia","Republik Indonesia"],"region":"Asia","subregion":"South-Eastern Asia","population":258705000,"latlng":[-5.0,120.0],"demonym":"Indonesian","area":1904569.0,"gini":34.0,"timezones":["UTC+07:00","UTC+08:00","UTC+09:00"],"borders":["TLS","MYS","PNG"],"nativeName":"Indonesia","numericCode":"360","currencies":[{"code":"IDR","name":"Indonesian rupiah","symbol":"Rp"}],"languages":[{"iso639_1":"id","iso639_2":"ind","name":"Indonesian","nativeName":"Bahasa Indonesia"}],"translations":{"de":"Indonesien","es":"Indonesia","fr":"Indonésie","ja":"??????","it":"Indonesia","br":"Indonésia","pt":"Indonésia","nl":"Indonesië","hr":"Indonezija","fa":"???????"},"flag":"https://restcountries.eu/data/idn.svg","regionalBlocs":[{"acronym":"ASEAN","name":"Association of Southeast Asian Nations","otherAcronyms":[],"otherNames":[]}],"cioc":"INA"},{"name":"Papua New Guinea","topLevelDomain":[".pg"],"alpha2Code":"PG","alpha3Code":"PNG","callingCodes":["675"],"capital":"Port Moresby","altSpellings":["PG","Independent State of Papua New Guinea","Independen Stet bilong Papua Niugini"],"region":"Oceania","subregion":"Melanesia","population":8083700,"latlng":[-6.0,147.0],"demonym":"Papua New Guinean","area":462840.0,"gini":50.9,"timezones":["UTC+10:00"],"borders":["IDN"],"nativeName":"Papua Niugini","numericCode":"598","currencies":[{"code":"PGK","name":"Papua New Guinean kina","symbol":"K"}],"languages":[{"iso639_1":"en","iso639_2":"eng","name":"English","nativeName":"English"}],"translations":{"de":"Papua-Neuguinea","es":"Papúa Nueva Guinea","fr":"Papouasie-Nouvelle-Guinée","ja":"?????????","it":"Papua Nuova Guinea","br":"Papua Nova Guiné","pt":"Papua Nova Guiné","nl":"Papoea-Nieuw-Guinea","hr":"Papua Nova Gvineja","fa":"????? ???? ??"},"flag":"https://restcountries.eu/data/png.svg","regionalBlocs":[],"cioc":"PNG"},{"name":"Samoa","topLevelDomain":[".ws"],"alpha2Code":"WS","alpha3Code":"WSM","callingCodes":["685"],"capital":"Apia","altSpellings":["WS","Independent State of Samoa","Malo Sa?oloto Tuto?atasi o S?moa"],"region":"Oceania","subregion":"Polynesia","population":194899,"latlng":[-13.58333333,-172.33333333],"demonym":"Samoan","area":2842.0,"gini":null,"timezones":["UTC+13:00"],"borders":[],"nativeName":"Samoa","numericCode":"882","currencies":[{"code":"WST","name":"Samoan t?l?","symbol":"T"}],"languages":[{"iso639_1":"sm","iso639_2":"smo","name":"Samoan","nativeName":"gagana fa'a Samoa"},{"iso639_1":"en","iso639_2":"eng","name":"English","nativeName":"English"}],"translations":{"de":"Samoa","es":"Samoa","fr":"Samoa","ja":"???","it":"Samoa","br":"Samoa","pt":"Samoa","nl":"Samoa","hr":"Samoa","fa":"?????"},"flag":"https://restcountries.eu/data/wsm.svg","regionalBlocs":[],"cioc":"SAM"}]
[2020-07-01 10:59:35.035] [INFO ] [UserInputPromptUtil] capital -> Diego Garcia
[2020-07-01 10:59:35.035] [INFO ] [UserInputPromptUtil] capital -> New Delhi
[2020-07-01 10:59:35.035] [INFO ] [UserInputPromptUtil] capital -> Jakarta
[2020-07-01 10:59:35.035] [INFO ] [UserInputPromptUtil] capital -> Port Moresby
[2020-07-01 10:59:35.035] [INFO ] [UserInputPromptUtil] capital -> Apia
[2020-07-01 10:59:35.035] [INFO ] [UserInputPromptUtil] 
Do you want to Continue? Y/N
[2020-07-01 10:59:44.044] [INFO ] [UserInputPromptUtil] 
Continuing the application
[2020-07-01 10:59:44.044] [INFO ] [UserInputPromptUtil] 
Select any one from below options:
1. Retrieve Country details by Name
2. Retrieve Country details by Code

[2020-07-01 10:59:51.051] [INFO ] [UserInputPromptUtil] 
Enter either 1 or 2 to continue or N to exit
[2020-07-01 10:59:56.056] [INFO ] [UserInputPromptUtil] 
Enter one or more country codes delimited by ;
[2020-07-01 11:00:04.004] [INFO ] [UserInputPromptUtil] StatusCode -> 200
[2020-07-01 11:00:04.004] [INFO ] [UserInputPromptUtil] {"name":"Norway","topLevelDomain":[".no"],"alpha2Code":"NO","alpha3Code":"NOR","callingCodes":["47"],"capital":"Oslo","altSpellings":["NO","Norge","Noreg","Kingdom of Norway","Kongeriket Norge","Kongeriket Noreg"],"region":"Europe","subregion":"Northern Europe","population":5223256,"latlng":[62.0,10.0],"demonym":"Norwegian","area":323802.0,"gini":25.8,"timezones":["UTC+01:00"],"borders":["FIN","SWE","RUS"],"nativeName":"Norge","numericCode":"578","currencies":[{"code":"NOK","name":"Norwegian krone","symbol":"kr"}],"languages":[{"iso639_1":"no","iso639_2":"nor","name":"Norwegian","nativeName":"Norsk"},{"iso639_1":"nb","iso639_2":"nob","name":"Norwegian Bokmål","nativeName":"Norsk bokmål"},{"iso639_1":"nn","iso639_2":"nno","name":"Norwegian Nynorsk","nativeName":"Norsk nynorsk"}],"translations":{"de":"Norwegen","es":"Noruega","fr":"Norvège","ja":"?????","it":"Norvegia","br":"Noruega","pt":"Noruega","nl":"Noorwegen","hr":"Norveška","fa":"????"},"flag":"https://restcountries.eu/data/nor.svg","regionalBlocs":[{"acronym":"EFTA","name":"European Free Trade Association","otherAcronyms":[],"otherNames":[]}],"cioc":"NOR"}
[2020-07-01 11:00:04.004] [INFO ] [UserInputPromptUtil] capital -> Oslo
[2020-07-01 11:00:04.004] [INFO ] [UserInputPromptUtil] 
Do you want to Continue? Y/N
[2020-07-01 11:00:08.008] [INFO ] [UserInputPromptUtil] 
Continuing the application
[2020-07-01 11:00:08.008] [INFO ] [UserInputPromptUtil] 
Select any one from below options:
1. Retrieve Country details by Name
2. Retrieve Country details by Code

[2020-07-01 11:00:10.010] [INFO ] [UserInputPromptUtil] 
Enter one or more country codes delimited by ;
[2020-07-01 11:00:19.019] [INFO ] [UserInputPromptUtil] StatusCode -> 200
[2020-07-01 11:00:19.019] [INFO ] [UserInputPromptUtil] [{"name":"India","topLevelDomain":[".in"],"alpha2Code":"IN","alpha3Code":"IND","callingCodes":["91"],"capital":"New Delhi","altSpellings":["IN","Bh?rat","Republic of India","Bharat Ganrajya"],"region":"Asia","subregion":"Southern Asia","population":1295210000,"latlng":[20.0,77.0],"demonym":"Indian","area":3287590.0,"gini":33.4,"timezones":["UTC+05:30"],"borders":["AFG","BGD","BTN","MMR","CHN","NPL","PAK","LKA"],"nativeName":"????","numericCode":"356","currencies":[{"code":"INR","name":"Indian rupee","symbol":"?"}],"languages":[{"iso639_1":"hi","iso639_2":"hin","name":"Hindi","nativeName":"??????"},{"iso639_1":"en","iso639_2":"eng","name":"English","nativeName":"English"}],"translations":{"de":"Indien","es":"India","fr":"Inde","ja":"???","it":"India","br":"Índia","pt":"Índia","nl":"India","hr":"Indija","fa":"???"},"flag":"https://restcountries.eu/data/ind.svg","regionalBlocs":[{"acronym":"SAARC","name":"South Asian Association for Regional Cooperation","otherAcronyms":[],"otherNames":[]}],"cioc":"IND"},{"name":"Norway","topLevelDomain":[".no"],"alpha2Code":"NO","alpha3Code":"NOR","callingCodes":["47"],"capital":"Oslo","altSpellings":["NO","Norge","Noreg","Kingdom of Norway","Kongeriket Norge","Kongeriket Noreg"],"region":"Europe","subregion":"Northern Europe","population":5223256,"latlng":[62.0,10.0],"demonym":"Norwegian","area":323802.0,"gini":25.8,"timezones":["UTC+01:00"],"borders":["FIN","SWE","RUS"],"nativeName":"Norge","numericCode":"578","currencies":[{"code":"NOK","name":"Norwegian krone","symbol":"kr"}],"languages":[{"iso639_1":"no","iso639_2":"nor","name":"Norwegian","nativeName":"Norsk"},{"iso639_1":"nb","iso639_2":"nob","name":"Norwegian Bokmål","nativeName":"Norsk bokmål"},{"iso639_1":"nn","iso639_2":"nno","name":"Norwegian Nynorsk","nativeName":"Norsk nynorsk"}],"translations":{"de":"Norwegen","es":"Noruega","fr":"Norvège","ja":"?????","it":"Norvegia","br":"Noruega","pt":"Noruega","nl":"Noorwegen","hr":"Norveška","fa":"????"},"flag":"https://restcountries.eu/data/nor.svg","regionalBlocs":[{"acronym":"EFTA","name":"European Free Trade Association","otherAcronyms":[],"otherNames":[]}],"cioc":"NOR"}]
[2020-07-01 11:00:19.019] [INFO ] [UserInputPromptUtil] capital -> New Delhi
[2020-07-01 11:00:19.019] [INFO ] [UserInputPromptUtil] capital -> Oslo
[2020-07-01 11:00:19.019] [INFO ] [UserInputPromptUtil] 
Do you want to Continue? Y/N
[2020-07-01 11:00:27.027] [INFO ] [UserInputPromptUtil] 
Continuing the application
[2020-07-01 11:00:27.027] [INFO ] [UserInputPromptUtil] 
Select any one from below options:
1. Retrieve Country details by Name
2. Retrieve Country details by Code

[2020-07-01 11:00:30.030] [INFO ] [UserInputPromptUtil] 
Enter full or partial name of the Country
[2020-07-01 11:00:33.033] [INFO ] [UserInputPromptUtil] StatusCode -> 404
[2020-07-01 11:00:33.033] [INFO ] [UserInputPromptUtil] 
Do you want to Continue? Y/N
[2020-07-01 11:00:40.040] [INFO ] [UserInputPromptUtil] 
Exiting the application
[2020-07-01 11:00:40.040] [INFO ] [ExecutorConfigurationSupport] Shutting down ExecutorService 'applicationTaskExecutor'
[2020-07-01 11:01:41.041] [INFO ] [ExecutorConfigurationSupport] Initializing ExecutorService 'applicationTaskExecutor'
[2020-07-01 11:01:43.043] [INFO ] [CountriesCapitalService] Status Code -> 200 OK
[2020-07-01 11:01:43.043] [INFO ] [CountriesCapitalService] Response Body -> [{"name":"British Indian Ocean Territory","topLevelDomain":[".io"],"alpha2Code":"IO","alpha3Code":"IOT","callingCodes":["246"],"capital":"Diego Garcia","altSpellings":["IO"],"region":"Africa","subregion":"Eastern Africa","population":3000,"latlng":[-6.0,71.5],"demonym":"Indian","area":60.0,"gini":null,"timezones":["UTC+06:00"],"borders":[],"nativeName":"British Indian Ocean Territory","numericCode":"086","currencies":[{"code":"USD","name":"United States dollar","symbol":"$"}],"languages":[{"iso639_1":"en","iso639_2":"eng","name":"English","nativeName":"English"}],"translations":{"de":"Britisches Territorium im Indischen Ozean","es":"Territorio Británico del Océano Índico","fr":"Territoire britannique de l'océan Indien","ja":"???????????","it":"Territorio britannico dell'oceano indiano","br":"Território Britânico do Oceano íÍdico","pt":"Território Britânico do Oceano Índico","nl":"Britse Gebieden in de Indische Oceaan","hr":"Britanski Indijskooceanski teritorij","fa":"????? ???????? ?? ??????? ???"},"flag":"https://restcountries.eu/data/iot.svg","regionalBlocs":[{"acronym":"AU","name":"African Union","otherAcronyms":[],"otherNames":["??????? ????????","Union africaine","União Africana","Unión Africana","Umoja wa Afrika"]}],"cioc":""},{"name":"India","topLevelDomain":[".in"],"alpha2Code":"IN","alpha3Code":"IND","callingCodes":["91"],"capital":"New Delhi","altSpellings":["IN","Bh?rat","Republic of India","Bharat Ganrajya"],"region":"Asia","subregion":"Southern Asia","population":1295210000,"latlng":[20.0,77.0],"demonym":"Indian","area":3287590.0,"gini":33.4,"timezones":["UTC+05:30"],"borders":["AFG","BGD","BTN","MMR","CHN","NPL","PAK","LKA"],"nativeName":"????","numericCode":"356","currencies":[{"code":"INR","name":"Indian rupee","symbol":"?"}],"languages":[{"iso639_1":"hi","iso639_2":"hin","name":"Hindi","nativeName":"??????"},{"iso639_1":"en","iso639_2":"eng","name":"English","nativeName":"English"}],"translations":{"de":"Indien","es":"India","fr":"Inde","ja":"???","it":"India","br":"Índia","pt":"Índia","nl":"India","hr":"Indija","fa":"???"},"flag":"https://restcountries.eu/data/ind.svg","regionalBlocs":[{"acronym":"SAARC","name":"South Asian Association for Regional Cooperation","otherAcronyms":[],"otherNames":[]}],"cioc":"IND"}]
[2020-07-01 11:01:43.043] [INFO ] [JsonPathReaderUtil] capital -> Diego Garcia
[2020-07-01 11:01:43.043] [INFO ] [JsonPathReaderUtil] capital -> New Delhi
[2020-07-01 11:01:43.043] [INFO ] [CountryServiceCapitalRetrieverTest] getResponseWithCountryName_RetrieveCapitalCity_Test -> Executed
[2020-07-01 11:01:43.043] [INFO ] [CountryServiceCapitalRetrieverTest] **************************************************************************
[2020-07-01 11:01:43.043] [INFO ] [CountriesCapitalService] Status Code -> 200 OK
[2020-07-01 11:01:43.043] [INFO ] [CountriesCapitalService] Response Body -> {"name":"India","topLevelDomain":[".in"],"alpha2Code":"IN","alpha3Code":"IND","callingCodes":["91"],"capital":"New Delhi","altSpellings":["IN","Bh?rat","Republic of India","Bharat Ganrajya"],"region":"Asia","subregion":"Southern Asia","population":1295210000,"latlng":[20.0,77.0],"demonym":"Indian","area":3287590.0,"gini":33.4,"timezones":["UTC+05:30"],"borders":["AFG","BGD","BTN","MMR","CHN","NPL","PAK","LKA"],"nativeName":"????","numericCode":"356","currencies":[{"code":"INR","name":"Indian rupee","symbol":"?"}],"languages":[{"iso639_1":"hi","iso639_2":"hin","name":"Hindi","nativeName":"??????"},{"iso639_1":"en","iso639_2":"eng","name":"English","nativeName":"English"}],"translations":{"de":"Indien","es":"India","fr":"Inde","ja":"???","it":"India","br":"Índia","pt":"Índia","nl":"India","hr":"Indija","fa":"???"},"flag":"https://restcountries.eu/data/ind.svg","regionalBlocs":[{"acronym":"SAARC","name":"South Asian Association for Regional Cooperation","otherAcronyms":[],"otherNames":[]}],"cioc":"IND"}
[2020-07-01 11:01:43.043] [INFO ] [JsonPathReaderUtil] capital -> New Delhi
[2020-07-01 11:01:43.043] [INFO ] [CountryServiceCapitalRetrieverTest] getResponseWithCountryCode_RetrieveCapitalCity_Test -> Executed
[2020-07-01 11:01:43.043] [INFO ] [CountryServiceCapitalRetrieverTest] **************************************************************************
[2020-07-01 11:01:43.043] [INFO ] [ExecutorConfigurationSupport] Shutting down ExecutorService 'applicationTaskExecutor'
[2020-07-01 11:03:33.033] [INFO ] [ExecutorConfigurationSupport] Initializing ExecutorService 'applicationTaskExecutor'
[2020-07-01 11:03:34.034] [INFO ] [CountriesCapitalService] Status Code -> 404 NOT_FOUND
[2020-07-01 11:03:34.034] [INFO ] [CountryServiceCapitalRetrieverTest] getResponseWithCountryName_RetrieveCapitalCity_Test -> Executed
[2020-07-01 11:03:34.034] [INFO ] [CountryServiceCapitalRetrieverTest] **************************************************************************
[2020-07-01 11:03:34.034] [INFO ] [CountriesCapitalService] Status Code -> 200 OK
[2020-07-01 11:03:34.034] [INFO ] [CountriesCapitalService] Response Body -> {"name":"Colombia","topLevelDomain":[".co"],"alpha2Code":"CO","alpha3Code":"COL","callingCodes":["57"],"capital":"Bogotá","altSpellings":["CO","Republic of Colombia","República de Colombia"],"region":"Americas","subregion":"South America","population":48759958,"latlng":[4.0,-72.0],"demonym":"Colombian","area":1141748.0,"gini":55.9,"timezones":["UTC-05:00"],"borders":["BRA","ECU","PAN","PER","VEN"],"nativeName":"Colombia","numericCode":"170","currencies":[{"code":"COP","name":"Colombian peso","symbol":"$"}],"languages":[{"iso639_1":"es","iso639_2":"spa","name":"Spanish","nativeName":"Español"}],"translations":{"de":"Kolumbien","es":"Colombia","fr":"Colombie","ja":"?????","it":"Colombia","br":"Colômbia","pt":"Colômbia","nl":"Colombia","hr":"Kolumbija","fa":"??????"},"flag":"https://restcountries.eu/data/col.svg","regionalBlocs":[{"acronym":"PA","name":"Pacific Alliance","otherAcronyms":[],"otherNames":["Alianza del Pacífico"]},{"acronym":"USAN","name":"Union of South American Nations","otherAcronyms":["UNASUR","UNASUL","UZAN"],"otherNames":["Unión de Naciones Suramericanas","União de Nações Sul-Americanas","Unie van Zuid-Amerikaanse Naties","South American Union"]}],"cioc":"COL"}
[2020-07-01 11:03:34.034] [INFO ] [JsonPathReaderUtil] capital -> Bogotá
[2020-07-01 11:03:34.034] [INFO ] [CountryServiceCapitalRetrieverTest] getResponseWithCountryCode_RetrieveCapitalCity_Test -> Executed
[2020-07-01 11:03:34.034] [INFO ] [CountryServiceCapitalRetrieverTest] **************************************************************************
[2020-07-01 11:03:34.034] [INFO ] [ExecutorConfigurationSupport] Shutting down ExecutorService 'applicationTaskExecutor'
[2020-07-01 11:04:07.007] [INFO ] [ExecutorConfigurationSupport] Initializing ExecutorService 'applicationTaskExecutor'
[2020-07-01 11:04:08.008] [INFO ] [CountriesCapitalService] Status Code -> 200 OK
[2020-07-01 11:04:08.008] [INFO ] [CountriesCapitalService] Response Body -> [{"name":"Colombia","topLevelDomain":[".co"],"alpha2Code":"CO","alpha3Code":"COL","callingCodes":["57"],"capital":"Bogotá","altSpellings":["CO","Republic of Colombia","República de Colombia"],"region":"Americas","subregion":"South America","population":48759958,"latlng":[4.0,-72.0],"demonym":"Colombian","area":1141748.0,"gini":55.9,"timezones":["UTC-05:00"],"borders":["BRA","ECU","PAN","PER","VEN"],"nativeName":"Colombia","numericCode":"170","currencies":[{"code":"COP","name":"Colombian peso","symbol":"$"}],"languages":[{"iso639_1":"es","iso639_2":"spa","name":"Spanish","nativeName":"Español"}],"translations":{"de":"Kolumbien","es":"Colombia","fr":"Colombie","ja":"?????","it":"Colombia","br":"Colômbia","pt":"Colômbia","nl":"Colombia","hr":"Kolumbija","fa":"??????"},"flag":"https://restcountries.eu/data/col.svg","regionalBlocs":[{"acronym":"PA","name":"Pacific Alliance","otherAcronyms":[],"otherNames":["Alianza del Pacífico"]},{"acronym":"USAN","name":"Union of South American Nations","otherAcronyms":["UNASUR","UNASUL","UZAN"],"otherNames":["Unión de Naciones Suramericanas","União de Nações Sul-Americanas","Unie van Zuid-Amerikaanse Naties","South American Union"]}],"cioc":"COL"},{"name":"Saint Barthélemy","topLevelDomain":[".bl"],"alpha2Code":"BL","alpha3Code":"BLM","callingCodes":["590"],"capital":"Gustavia","altSpellings":["BL","St. Barthelemy","Collectivity of Saint Barthélemy","Collectivité de Saint-Barthélemy"],"region":"Americas","subregion":"Caribbean","population":9417,"latlng":[18.5,-63.41666666],"demonym":"Saint Barthélemy Islander","area":21.0,"gini":null,"timezones":["UTC-04:00"],"borders":[],"nativeName":"Saint-Barthélemy","numericCode":"652","currencies":[{"code":"EUR","name":"Euro","symbol":"€"}],"languages":[{"iso639_1":"fr","iso639_2":"fra","name":"French","nativeName":"français"}],"translations":{"de":"Saint-Barthélemy","es":"San Bartolomé","fr":"Saint-Barthélemy","ja":"?????????","it":"Antille Francesi","br":"São Bartolomeu","pt":"São Bartolomeu","nl":"Saint Barthélemy","hr":"Saint Barthélemy","fa":"??-???????"},"flag":"https://restcountries.eu/data/blm.svg","regionalBlocs":[],"cioc":""},{"name":"Saint Martin (French part)","topLevelDomain":[".mf",".fr",".gp"],"alpha2Code":"MF","alpha3Code":"MAF","callingCodes":["590"],"capital":"Marigot","altSpellings":["MF","Collectivity of Saint Martin","Collectivité de Saint-Martin"],"region":"Americas","subregion":"Caribbean","population":36979,"latlng":[18.08333333,-63.95],"demonym":"Saint Martin Islander","area":53.0,"gini":null,"timezones":["UTC-04:00"],"borders":["SXM","NLD"],"nativeName":"Saint-Martin","numericCode":"663","currencies":[{"code":"EUR","name":"Euro","symbol":"€"}],"languages":[{"iso639_1":"en","iso639_2":"eng","name":"English","nativeName":"English"},{"iso639_1":"fr","iso639_2":"fra","name":"French","nativeName":"français"},{"iso639_1":"nl","iso639_2":"nld","name":"Dutch","nativeName":"Nederlands"}],"translations":{"de":"Saint Martin","es":"Saint Martin","fr":"Saint-Martin","ja":"??????????????","it":"Saint Martin","br":"Saint Martin","pt":"Ilha São Martinho","nl":"Saint-Martin","hr":"Sveti Martin","fa":"???? ?????"},"flag":"https://restcountries.eu/data/maf.svg","regionalBlocs":[],"cioc":""},{"name":"Saint Pierre and Miquelon","topLevelDomain":[".pm"],"alpha2Code":"PM","alpha3Code":"SPM","callingCodes":["508"],"capital":"Saint-Pierre","altSpellings":["PM","Collectivité territoriale de Saint-Pierre-et-Miquelon"],"region":"Americas","subregion":"Northern America","population":6069,"latlng":[46.83333333,-56.33333333],"demonym":"French","area":242.0,"gini":null,"timezones":["UTC-03:00"],"borders":[],"nativeName":"Saint-Pierre-et-Miquelon","numericCode":"666","currencies":[{"code":"EUR","name":"Euro","symbol":"€"}],"languages":[{"iso639_1":"fr","iso639_2":"fra","name":"French","nativeName":"français"}],"translations":{"de":"Saint-Pierre und Miquelon","es":"San Pedro y Miquelón","fr":"Saint-Pierre-et-Miquelon","ja":"?????????????","it":"Saint-Pierre e Miquelon","br":"Saint-Pierre e Miquelon","pt":"São Pedro e Miquelon","nl":"Saint Pierre en Miquelon","hr":"Sveti Petar i Mikelon","fa":"?? ??? ? ?????"},"flag":"https://restcountries.eu/data/spm.svg","regionalBlocs":[],"cioc":""}]
[2020-07-01 11:04:08.008] [INFO ] [JsonPathReaderUtil] capital -> Bogotá
[2020-07-01 11:04:08.008] [INFO ] [JsonPathReaderUtil] capital -> Gustavia
[2020-07-01 11:04:08.008] [INFO ] [JsonPathReaderUtil] capital -> Marigot
[2020-07-01 11:04:08.008] [INFO ] [JsonPathReaderUtil] capital -> Saint-Pierre
[2020-07-01 11:04:08.008] [INFO ] [CountryServiceCapitalRetrieverTest] getResponseWithCountryName_RetrieveCapitalCity_Test -> Executed
[2020-07-01 11:04:08.008] [INFO ] [CountryServiceCapitalRetrieverTest] **************************************************************************
[2020-07-01 11:04:08.008] [INFO ] [CountriesCapitalService] Status Code -> 200 OK
[2020-07-01 11:04:08.008] [INFO ] [CountriesCapitalService] Response Body -> {"name":"Colombia","topLevelDomain":[".co"],"alpha2Code":"CO","alpha3Code":"COL","callingCodes":["57"],"capital":"Bogotá","altSpellings":["CO","Republic of Colombia","República de Colombia"],"region":"Americas","subregion":"South America","population":48759958,"latlng":[4.0,-72.0],"demonym":"Colombian","area":1141748.0,"gini":55.9,"timezones":["UTC-05:00"],"borders":["BRA","ECU","PAN","PER","VEN"],"nativeName":"Colombia","numericCode":"170","currencies":[{"code":"COP","name":"Colombian peso","symbol":"$"}],"languages":[{"iso639_1":"es","iso639_2":"spa","name":"Spanish","nativeName":"Español"}],"translations":{"de":"Kolumbien","es":"Colombia","fr":"Colombie","ja":"?????","it":"Colombia","br":"Colômbia","pt":"Colômbia","nl":"Colombia","hr":"Kolumbija","fa":"??????"},"flag":"https://restcountries.eu/data/col.svg","regionalBlocs":[{"acronym":"PA","name":"Pacific Alliance","otherAcronyms":[],"otherNames":["Alianza del Pacífico"]},{"acronym":"USAN","name":"Union of South American Nations","otherAcronyms":["UNASUR","UNASUL","UZAN"],"otherNames":["Unión de Naciones Suramericanas","União de Nações Sul-Americanas","Unie van Zuid-Amerikaanse Naties","South American Union"]}],"cioc":"COL"}
[2020-07-01 11:04:08.008] [INFO ] [JsonPathReaderUtil] capital -> Bogotá
[2020-07-01 11:04:08.008] [INFO ] [CountryServiceCapitalRetrieverTest] getResponseWithCountryCode_RetrieveCapitalCity_Test -> Executed
[2020-07-01 11:04:08.008] [INFO ] [CountryServiceCapitalRetrieverTest] **************************************************************************
[2020-07-01 11:04:08.008] [INFO ] [ExecutorConfigurationSupport] Shutting down ExecutorService 'applicationTaskExecutor'
